12-Dec-2015 13:58:21.005 INFO [localhost-startStop-1] org.apache.catalina.core.ApplicationContext.log ContextListener: contextInitialized()
12-Dec-2015 13:58:21.005 INFO [localhost-startStop-1] org.apache.catalina.core.ApplicationContext.log SessionListener: contextInitialized()
12-Dec-2015 14:19:25.114 INFO [localhost-startStop-1] org.apache.catalina.core.ApplicationContext.log ContextListener: contextInitialized()
12-Dec-2015 14:19:25.114 INFO [localhost-startStop-1] org.apache.catalina.core.ApplicationContext.log SessionListener: contextInitialized()
12-Dec-2015 14:19:25.126 SEVERE [localhost-startStop-1] org.apache.catalina.core.StandardContext.filterStart Exception starting filter CAS Single Sign Out Filter
 java.lang.NoClassDefFoundError: org/apache/commons/logging/LogFactory
	at org.jasig.cas.client.session.SingleSignOutHandler.<init>(SingleSignOutHandler.java:41)
	at org.jasig.cas.client.session.SingleSignOutFilter.<clinit>(SingleSignOutFilter.java:41)
	at sun.reflect.NativeConstructorAccessorImpl.newInstance0(Native Method)
	at sun.reflect.NativeConstructorAccessorImpl.newInstance(NativeConstructorAccessorImpl.java:62)
	at sun.reflect.DelegatingConstructorAccessorImpl.newInstance(DelegatingConstructorAccessorImpl.java:45)
	at java.lang.reflect.Constructor.newInstance(Constructor.java:408)
	at java.lang.Class.newInstance(Class.java:433)
	at org.apache.catalina.core.DefaultInstanceManager.newInstance(DefaultInstanceManager.java:151)
	at org.apache.catalina.core.ApplicationFilterConfig.getFilter(ApplicationFilterConfig.java:258)
	at org.apache.catalina.core.ApplicationFilterConfig.<init>(ApplicationFilterConfig.java:105)
	at org.apache.catalina.core.StandardContext.filterStart(StandardContext.java:4603)
	at org.apache.catalina.core.StandardContext.startInternal(StandardContext.java:5210)
	at org.apache.catalina.util.LifecycleBase.start(LifecycleBase.java:150)
	at org.apache.catalina.core.ContainerBase.addChildInternal(ContainerBase.java:724)
	at org.apache.catalina.core.ContainerBase.addChild(ContainerBase.java:700)
	at org.apache.catalina.core.StandardHost.addChild(StandardHost.java:714)
	at org.apache.catalina.startup.HostConfig.deployDirectory(HostConfig.java:1071)
	at org.apache.catalina.startup.HostConfig$DeployDirectory.run(HostConfig.java:1722)
	at java.util.concurrent.Executors$RunnableAdapter.call(Executors.java:511)
	at java.util.concurrent.FutureTask.run(FutureTask.java:266)
	at java.util.concurrent.ThreadPoolExecutor.runWorker(ThreadPoolExecutor.java:1142)
	at java.util.concurrent.ThreadPoolExecutor$Worker.run(ThreadPoolExecutor.java:617)
	at java.lang.Thread.run(Thread.java:745)
Caused by: java.lang.ClassNotFoundException: org.apache.commons.logging.LogFactory
	at org.apache.catalina.loader.WebappClassLoader.loadClass(WebappClassLoader.java:1324)
	at org.apache.catalina.loader.WebappClassLoader.loadClass(WebappClassLoader.java:1177)
	... 23 more

12-Dec-2015 14:19:25.147 SEVERE [localhost-startStop-1] org.apache.catalina.core.StandardContext.filterStart Exception starting filter CAS Filter
 java.lang.NoClassDefFoundError: org/apache/commons/logging/LogFactory
	at org.jasig.cas.client.util.AbstractConfigurationFilter.<init>(AbstractConfigurationFilter.java:39)
	at org.jasig.cas.client.util.AbstractCasFilter.<init>(AbstractCasFilter.java:44)
	at org.jasig.cas.client.authentication.AuthenticationFilter.<init>(AuthenticationFilter.java:53)
	at sun.reflect.NativeConstructorAccessorImpl.newInstance0(Native Method)
	at sun.reflect.NativeConstructorAccessorImpl.newInstance(NativeConstructorAccessorImpl.java:62)
	at sun.reflect.DelegatingConstructorAccessorImpl.newInstance(DelegatingConstructorAccessorImpl.java:45)
	at java.lang.reflect.Constructor.newInstance(Constructor.java:408)
	at java.lang.Class.newInstance(Class.java:433)
	at org.apache.catalina.core.DefaultInstanceManager.newInstance(DefaultInstanceManager.java:151)
	at org.apache.catalina.core.ApplicationFilterConfig.getFilter(ApplicationFilterConfig.java:258)
	at org.apache.catalina.core.ApplicationFilterConfig.<init>(ApplicationFilterConfig.java:105)
	at org.apache.catalina.core.StandardContext.filterStart(StandardContext.java:4603)
	at org.apache.catalina.core.StandardContext.startInternal(StandardContext.java:5210)
	at org.apache.catalina.util.LifecycleBase.start(LifecycleBase.java:150)
	at org.apache.catalina.core.ContainerBase.addChildInternal(ContainerBase.java:724)
	at org.apache.catalina.core.ContainerBase.addChild(ContainerBase.java:700)
	at org.apache.catalina.core.StandardHost.addChild(StandardHost.java:714)
	at org.apache.catalina.startup.HostConfig.deployDirectory(HostConfig.java:1071)
	at org.apache.catalina.startup.HostConfig$DeployDirectory.run(HostConfig.java:1722)
	at java.util.concurrent.Executors$RunnableAdapter.call(Executors.java:511)
	at java.util.concurrent.FutureTask.run(FutureTask.java:266)
	at java.util.concurrent.ThreadPoolExecutor.runWorker(ThreadPoolExecutor.java:1142)
	at java.util.concurrent.ThreadPoolExecutor$Worker.run(ThreadPoolExecutor.java:617)
	at java.lang.Thread.run(Thread.java:745)
Caused by: java.lang.ClassNotFoundException: org.apache.commons.logging.LogFactory
	at org.apache.catalina.loader.WebappClassLoader.loadClass(WebappClassLoader.java:1324)
	at org.apache.catalina.loader.WebappClassLoader.loadClass(WebappClassLoader.java:1177)
	... 24 more

12-Dec-2015 14:19:25.158 SEVERE [localhost-startStop-1] org.apache.catalina.core.StandardContext.filterStart Exception starting filter CAS Validation Filter
 java.lang.NoClassDefFoundError: org/apache/commons/logging/LogFactory
	at org.jasig.cas.client.util.AbstractConfigurationFilter.<init>(AbstractConfigurationFilter.java:39)
	at org.jasig.cas.client.util.AbstractCasFilter.<init>(AbstractCasFilter.java:44)
	at org.jasig.cas.client.validation.AbstractTicketValidationFilter.<init>(AbstractTicketValidationFilter.java:51)
	at org.jasig.cas.client.validation.Cas20ProxyReceivingTicketValidationFilter.<init>(Cas20ProxyReceivingTicketValidationFilter.java:50)
	at sun.reflect.NativeConstructorAccessorImpl.newInstance0(Native Method)
	at sun.reflect.NativeConstructorAccessorImpl.newInstance(NativeConstructorAccessorImpl.java:62)
	at sun.reflect.DelegatingConstructorAccessorImpl.newInstance(DelegatingConstructorAccessorImpl.java:45)
	at java.lang.reflect.Constructor.newInstance(Constructor.java:408)
	at java.lang.Class.newInstance(Class.java:433)
	at org.apache.catalina.core.DefaultInstanceManager.newInstance(DefaultInstanceManager.java:151)
	at org.apache.catalina.core.ApplicationFilterConfig.getFilter(ApplicationFilterConfig.java:258)
	at org.apache.catalina.core.ApplicationFilterConfig.<init>(ApplicationFilterConfig.java:105)
	at org.apache.catalina.core.StandardContext.filterStart(StandardContext.java:4603)
	at org.apache.catalina.core.StandardContext.startInternal(StandardContext.java:5210)
	at org.apache.catalina.util.LifecycleBase.start(LifecycleBase.java:150)
	at org.apache.catalina.core.ContainerBase.addChildInternal(ContainerBase.java:724)
	at org.apache.catalina.core.ContainerBase.addChild(ContainerBase.java:700)
	at org.apache.catalina.core.StandardHost.addChild(StandardHost.java:714)
	at org.apache.catalina.startup.HostConfig.deployDirectory(HostConfig.java:1071)
	at org.apache.catalina.startup.HostConfig$DeployDirectory.run(HostConfig.java:1722)
	at java.util.concurrent.Executors$RunnableAdapter.call(Executors.java:511)
	at java.util.concurrent.FutureTask.run(FutureTask.java:266)
	at java.util.concurrent.ThreadPoolExecutor.runWorker(ThreadPoolExecutor.java:1142)
	at java.util.concurrent.ThreadPoolExecutor$Worker.run(ThreadPoolExecutor.java:617)
	at java.lang.Thread.run(Thread.java:745)

12-Dec-2015 14:19:25.162 SEVERE [localhost-startStop-1] org.apache.catalina.core.StandardContext.filterStart Exception starting filter CAS HttpServletRequest Wrapper Filter
 java.lang.NoClassDefFoundError: org/apache/commons/logging/LogFactory
	at org.jasig.cas.client.util.AbstractConfigurationFilter.<init>(AbstractConfigurationFilter.java:39)
	at org.jasig.cas.client.util.HttpServletRequestWrapperFilter.<init>(HttpServletRequestWrapperFilter.java:55)
	at sun.reflect.NativeConstructorAccessorImpl.newInstance0(Native Method)
	at sun.reflect.NativeConstructorAccessorImpl.newInstance(NativeConstructorAccessorImpl.java:62)
	at sun.reflect.DelegatingConstructorAccessorImpl.newInstance(DelegatingConstructorAccessorImpl.java:45)
	at java.lang.reflect.Constructor.newInstance(Constructor.java:408)
	at java.lang.Class.newInstance(Class.java:433)
	at org.apache.catalina.core.DefaultInstanceManager.newInstance(DefaultInstanceManager.java:151)
	at org.apache.catalina.core.ApplicationFilterConfig.getFilter(ApplicationFilterConfig.java:258)
	at org.apache.catalina.core.ApplicationFilterConfig.<init>(ApplicationFilterConfig.java:105)
	at org.apache.catalina.core.StandardContext.filterStart(StandardContext.java:4603)
	at org.apache.catalina.core.StandardContext.startInternal(StandardContext.java:5210)
	at org.apache.catalina.util.LifecycleBase.start(LifecycleBase.java:150)
	at org.apache.catalina.core.ContainerBase.addChildInternal(ContainerBase.java:724)
	at org.apache.catalina.core.ContainerBase.addChild(ContainerBase.java:700)
	at org.apache.catalina.core.StandardHost.addChild(StandardHost.java:714)
	at org.apache.catalina.startup.HostConfig.deployDirectory(HostConfig.java:1071)
	at org.apache.catalina.startup.HostConfig$DeployDirectory.run(HostConfig.java:1722)
	at java.util.concurrent.Executors$RunnableAdapter.call(Executors.java:511)
	at java.util.concurrent.FutureTask.run(FutureTask.java:266)
	at java.util.concurrent.ThreadPoolExecutor.runWorker(ThreadPoolExecutor.java:1142)
	at java.util.concurrent.ThreadPoolExecutor$Worker.run(ThreadPoolExecutor.java:617)
	at java.lang.Thread.run(Thread.java:745)

12-Dec-2015 14:19:25.167 INFO [localhost-startStop-1] org.apache.catalina.core.ApplicationContext.log SessionListener: contextDestroyed()
12-Dec-2015 14:19:25.168 INFO [localhost-startStop-1] org.apache.catalina.core.ApplicationContext.log ContextListener: contextDestroyed()
12-Dec-2015 14:19:39.391 INFO [localhost-startStop-1] org.apache.catalina.core.ApplicationContext.log ContextListener: contextInitialized()
12-Dec-2015 14:19:39.392 INFO [localhost-startStop-1] org.apache.catalina.core.ApplicationContext.log SessionListener: contextInitialized()
12-Dec-2015 14:19:39.398 SEVERE [localhost-startStop-1] org.apache.catalina.core.StandardContext.filterStart Exception starting filter CAS Single Sign Out Filter
 java.lang.NoClassDefFoundError: org/apache/commons/logging/LogFactory
	at org.jasig.cas.client.session.SingleSignOutHandler.<init>(SingleSignOutHandler.java:41)
	at org.jasig.cas.client.session.SingleSignOutFilter.<clinit>(SingleSignOutFilter.java:41)
	at sun.reflect.NativeConstructorAccessorImpl.newInstance0(Native Method)
	at sun.reflect.NativeConstructorAccessorImpl.newInstance(NativeConstructorAccessorImpl.java:62)
	at sun.reflect.DelegatingConstructorAccessorImpl.newInstance(DelegatingConstructorAccessorImpl.java:45)
	at java.lang.reflect.Constructor.newInstance(Constructor.java:408)
	at java.lang.Class.newInstance(Class.java:433)
	at org.apache.catalina.core.DefaultInstanceManager.newInstance(DefaultInstanceManager.java:151)
	at org.apache.catalina.core.ApplicationFilterConfig.getFilter(ApplicationFilterConfig.java:258)
	at org.apache.catalina.core.ApplicationFilterConfig.<init>(ApplicationFilterConfig.java:105)
	at org.apache.catalina.core.StandardContext.filterStart(StandardContext.java:4603)
	at org.apache.catalina.core.StandardContext.startInternal(StandardContext.java:5210)
	at org.apache.catalina.util.LifecycleBase.start(LifecycleBase.java:150)
	at org.apache.catalina.core.ContainerBase.addChildInternal(ContainerBase.java:724)
	at org.apache.catalina.core.ContainerBase.addChild(ContainerBase.java:700)
	at org.apache.catalina.core.StandardHost.addChild(StandardHost.java:714)
	at org.apache.catalina.startup.HostConfig.deployDirectory(HostConfig.java:1071)
	at org.apache.catalina.startup.HostConfig$DeployDirectory.run(HostConfig.java:1722)
	at java.util.concurrent.Executors$RunnableAdapter.call(Executors.java:511)
	at java.util.concurrent.FutureTask.run(FutureTask.java:266)
	at java.util.concurrent.ThreadPoolExecutor.runWorker(ThreadPoolExecutor.java:1142)
	at java.util.concurrent.ThreadPoolExecutor$Worker.run(ThreadPoolExecutor.java:617)
	at java.lang.Thread.run(Thread.java:745)
Caused by: java.lang.ClassNotFoundException: org.apache.commons.logging.LogFactory
	at org.apache.catalina.loader.WebappClassLoader.loadClass(WebappClassLoader.java:1324)
	at org.apache.catalina.loader.WebappClassLoader.loadClass(WebappClassLoader.java:1177)
	... 23 more

12-Dec-2015 14:19:39.411 SEVERE [localhost-startStop-1] org.apache.catalina.core.StandardContext.filterStart Exception starting filter CAS Filter
 java.lang.NoClassDefFoundError: org/apache/commons/logging/LogFactory
	at org.jasig.cas.client.util.AbstractConfigurationFilter.<init>(AbstractConfigurationFilter.java:39)
	at org.jasig.cas.client.util.AbstractCasFilter.<init>(AbstractCasFilter.java:44)
	at org.jasig.cas.client.authentication.AuthenticationFilter.<init>(AuthenticationFilter.java:53)
	at sun.reflect.NativeConstructorAccessorImpl.newInstance0(Native Method)
	at sun.reflect.NativeConstructorAccessorImpl.newInstance(NativeConstructorAccessorImpl.java:62)
	at sun.reflect.DelegatingConstructorAccessorImpl.newInstance(DelegatingConstructorAccessorImpl.java:45)
	at java.lang.reflect.Constructor.newInstance(Constructor.java:408)
	at java.lang.Class.newInstance(Class.java:433)
	at org.apache.catalina.core.DefaultInstanceManager.newInstance(DefaultInstanceManager.java:151)
	at org.apache.catalina.core.ApplicationFilterConfig.getFilter(ApplicationFilterConfig.java:258)
	at org.apache.catalina.core.ApplicationFilterConfig.<init>(ApplicationFilterConfig.java:105)
	at org.apache.catalina.core.StandardContext.filterStart(StandardContext.java:4603)
	at org.apache.catalina.core.StandardContext.startInternal(StandardContext.java:5210)
	at org.apache.catalina.util.LifecycleBase.start(LifecycleBase.java:150)
	at org.apache.catalina.core.ContainerBase.addChildInternal(ContainerBase.java:724)
	at org.apache.catalina.core.ContainerBase.addChild(ContainerBase.java:700)
	at org.apache.catalina.core.StandardHost.addChild(StandardHost.java:714)
	at org.apache.catalina.startup.HostConfig.deployDirectory(HostConfig.java:1071)
	at org.apache.catalina.startup.HostConfig$DeployDirectory.run(HostConfig.java:1722)
	at java.util.concurrent.Executors$RunnableAdapter.call(Executors.java:511)
	at java.util.concurrent.FutureTask.run(FutureTask.java:266)
	at java.util.concurrent.ThreadPoolExecutor.runWorker(ThreadPoolExecutor.java:1142)
	at java.util.concurrent.ThreadPoolExecutor$Worker.run(ThreadPoolExecutor.java:617)
	at java.lang.Thread.run(Thread.java:745)
Caused by: java.lang.ClassNotFoundException: org.apache.commons.logging.LogFactory
	at org.apache.catalina.loader.WebappClassLoader.loadClass(WebappClassLoader.java:1324)
	at org.apache.catalina.loader.WebappClassLoader.loadClass(WebappClassLoader.java:1177)
	... 24 more

12-Dec-2015 14:19:39.418 SEVERE [localhost-startStop-1] org.apache.catalina.core.StandardContext.filterStart Exception starting filter CAS Validation Filter
 java.lang.NoClassDefFoundError: org/apache/commons/logging/LogFactory
	at org.jasig.cas.client.util.AbstractConfigurationFilter.<init>(AbstractConfigurationFilter.java:39)
	at org.jasig.cas.client.util.AbstractCasFilter.<init>(AbstractCasFilter.java:44)
	at org.jasig.cas.client.validation.AbstractTicketValidationFilter.<init>(AbstractTicketValidationFilter.java:51)
	at org.jasig.cas.client.validation.Cas20ProxyReceivingTicketValidationFilter.<init>(Cas20ProxyReceivingTicketValidationFilter.java:50)
	at sun.reflect.NativeConstructorAccessorImpl.newInstance0(Native Method)
	at sun.reflect.NativeConstructorAccessorImpl.newInstance(NativeConstructorAccessorImpl.java:62)
	at sun.reflect.DelegatingConstructorAccessorImpl.newInstance(DelegatingConstructorAccessorImpl.java:45)
	at java.lang.reflect.Constructor.newInstance(Constructor.java:408)
	at java.lang.Class.newInstance(Class.java:433)
	at org.apache.catalina.core.DefaultInstanceManager.newInstance(DefaultInstanceManager.java:151)
	at org.apache.catalina.core.ApplicationFilterConfig.getFilter(ApplicationFilterConfig.java:258)
	at org.apache.catalina.core.ApplicationFilterConfig.<init>(ApplicationFilterConfig.java:105)
	at org.apache.catalina.core.StandardContext.filterStart(StandardContext.java:4603)
	at org.apache.catalina.core.StandardContext.startInternal(StandardContext.java:5210)
	at org.apache.catalina.util.LifecycleBase.start(LifecycleBase.java:150)
	at org.apache.catalina.core.ContainerBase.addChildInternal(ContainerBase.java:724)
	at org.apache.catalina.core.ContainerBase.addChild(ContainerBase.java:700)
	at org.apache.catalina.core.StandardHost.addChild(StandardHost.java:714)
	at org.apache.catalina.startup.HostConfig.deployDirectory(HostConfig.java:1071)
	at org.apache.catalina.startup.HostConfig$DeployDirectory.run(HostConfig.java:1722)
	at java.util.concurrent.Executors$RunnableAdapter.call(Executors.java:511)
	at java.util.concurrent.FutureTask.run(FutureTask.java:266)
	at java.util.concurrent.ThreadPoolExecutor.runWorker(ThreadPoolExecutor.java:1142)
	at java.util.concurrent.ThreadPoolExecutor$Worker.run(ThreadPoolExecutor.java:617)
	at java.lang.Thread.run(Thread.java:745)

12-Dec-2015 14:19:39.421 SEVERE [localhost-startStop-1] org.apache.catalina.core.StandardContext.filterStart Exception starting filter CAS HttpServletRequest Wrapper Filter
 java.lang.NoClassDefFoundError: org/apache/commons/logging/LogFactory
	at org.jasig.cas.client.util.AbstractConfigurationFilter.<init>(AbstractConfigurationFilter.java:39)
	at org.jasig.cas.client.util.HttpServletRequestWrapperFilter.<init>(HttpServletRequestWrapperFilter.java:55)
	at sun.reflect.NativeConstructorAccessorImpl.newInstance0(Native Method)
	at sun.reflect.NativeConstructorAccessorImpl.newInstance(NativeConstructorAccessorImpl.java:62)
	at sun.reflect.DelegatingConstructorAccessorImpl.newInstance(DelegatingConstructorAccessorImpl.java:45)
	at java.lang.reflect.Constructor.newInstance(Constructor.java:408)
	at java.lang.Class.newInstance(Class.java:433)
	at org.apache.catalina.core.DefaultInstanceManager.newInstance(DefaultInstanceManager.java:151)
	at org.apache.catalina.core.ApplicationFilterConfig.getFilter(ApplicationFilterConfig.java:258)
	at org.apache.catalina.core.ApplicationFilterConfig.<init>(ApplicationFilterConfig.java:105)
	at org.apache.catalina.core.StandardContext.filterStart(StandardContext.java:4603)
	at org.apache.catalina.core.StandardContext.startInternal(StandardContext.java:5210)
	at org.apache.catalina.util.LifecycleBase.start(LifecycleBase.java:150)
	at org.apache.catalina.core.ContainerBase.addChildInternal(ContainerBase.java:724)
	at org.apache.catalina.core.ContainerBase.addChild(ContainerBase.java:700)
	at org.apache.catalina.core.StandardHost.addChild(StandardHost.java:714)
	at org.apache.catalina.startup.HostConfig.deployDirectory(HostConfig.java:1071)
	at org.apache.catalina.startup.HostConfig$DeployDirectory.run(HostConfig.java:1722)
	at java.util.concurrent.Executors$RunnableAdapter.call(Executors.java:511)
	at java.util.concurrent.FutureTask.run(FutureTask.java:266)
	at java.util.concurrent.ThreadPoolExecutor.runWorker(ThreadPoolExecutor.java:1142)
	at java.util.concurrent.ThreadPoolExecutor$Worker.run(ThreadPoolExecutor.java:617)
	at java.lang.Thread.run(Thread.java:745)

12-Dec-2015 14:19:39.425 INFO [localhost-startStop-1] org.apache.catalina.core.ApplicationContext.log SessionListener: contextDestroyed()
12-Dec-2015 14:19:39.425 INFO [localhost-startStop-1] org.apache.catalina.core.ApplicationContext.log ContextListener: contextDestroyed()
12-Dec-2015 14:19:45.533 INFO [localhost-startStop-1] org.apache.catalina.core.ApplicationContext.log ContextListener: contextInitialized()
12-Dec-2015 14:19:45.534 INFO [localhost-startStop-1] org.apache.catalina.core.ApplicationContext.log SessionListener: contextInitialized()
12-Dec-2015 14:19:45.539 SEVERE [localhost-startStop-1] org.apache.catalina.core.StandardContext.filterStart Exception starting filter CAS Single Sign Out Filter
 java.lang.NoClassDefFoundError: org/apache/commons/logging/LogFactory
	at org.jasig.cas.client.session.SingleSignOutHandler.<init>(SingleSignOutHandler.java:41)
	at org.jasig.cas.client.session.SingleSignOutFilter.<clinit>(SingleSignOutFilter.java:41)
	at sun.reflect.NativeConstructorAccessorImpl.newInstance0(Native Method)
	at sun.reflect.NativeConstructorAccessorImpl.newInstance(NativeConstructorAccessorImpl.java:62)
	at sun.reflect.DelegatingConstructorAccessorImpl.newInstance(DelegatingConstructorAccessorImpl.java:45)
	at java.lang.reflect.Constructor.newInstance(Constructor.java:408)
	at java.lang.Class.newInstance(Class.java:433)
	at org.apache.catalina.core.DefaultInstanceManager.newInstance(DefaultInstanceManager.java:151)
	at org.apache.catalina.core.ApplicationFilterConfig.getFilter(ApplicationFilterConfig.java:258)
	at org.apache.catalina.core.ApplicationFilterConfig.<init>(ApplicationFilterConfig.java:105)
	at org.apache.catalina.core.StandardContext.filterStart(StandardContext.java:4603)
	at org.apache.catalina.core.StandardContext.startInternal(StandardContext.java:5210)
	at org.apache.catalina.util.LifecycleBase.start(LifecycleBase.java:150)
	at org.apache.catalina.core.ContainerBase.addChildInternal(ContainerBase.java:724)
	at org.apache.catalina.core.ContainerBase.addChild(ContainerBase.java:700)
	at org.apache.catalina.core.StandardHost.addChild(StandardHost.java:714)
	at org.apache.catalina.startup.HostConfig.deployDirectory(HostConfig.java:1071)
	at org.apache.catalina.startup.HostConfig$DeployDirectory.run(HostConfig.java:1722)
	at java.util.concurrent.Executors$RunnableAdapter.call(Executors.java:511)
	at java.util.concurrent.FutureTask.run(FutureTask.java:266)
	at java.util.concurrent.ThreadPoolExecutor.runWorker(ThreadPoolExecutor.java:1142)
	at java.util.concurrent.ThreadPoolExecutor$Worker.run(ThreadPoolExecutor.java:617)
	at java.lang.Thread.run(Thread.java:745)
Caused by: java.lang.ClassNotFoundException: org.apache.commons.logging.LogFactory
	at org.apache.catalina.loader.WebappClassLoader.loadClass(WebappClassLoader.java:1324)
	at org.apache.catalina.loader.WebappClassLoader.loadClass(WebappClassLoader.java:1177)
	... 23 more

12-Dec-2015 14:19:45.550 SEVERE [localhost-startStop-1] org.apache.catalina.core.StandardContext.filterStart Exception starting filter CAS Filter
 java.lang.NoClassDefFoundError: org/apache/commons/logging/LogFactory
	at org.jasig.cas.client.util.AbstractConfigurationFilter.<init>(AbstractConfigurationFilter.java:39)
	at org.jasig.cas.client.util.AbstractCasFilter.<init>(AbstractCasFilter.java:44)
	at org.jasig.cas.client.authentication.AuthenticationFilter.<init>(AuthenticationFilter.java:53)
	at sun.reflect.NativeConstructorAccessorImpl.newInstance0(Native Method)
	at sun.reflect.NativeConstructorAccessorImpl.newInstance(NativeConstructorAccessorImpl.java:62)
	at sun.reflect.DelegatingConstructorAccessorImpl.newInstance(DelegatingConstructorAccessorImpl.java:45)
	at java.lang.reflect.Constructor.newInstance(Constructor.java:408)
	at java.lang.Class.newInstance(Class.java:433)
	at org.apache.catalina.core.DefaultInstanceManager.newInstance(DefaultInstanceManager.java:151)
	at org.apache.catalina.core.ApplicationFilterConfig.getFilter(ApplicationFilterConfig.java:258)
	at org.apache.catalina.core.ApplicationFilterConfig.<init>(ApplicationFilterConfig.java:105)
	at org.apache.catalina.core.StandardContext.filterStart(StandardContext.java:4603)
	at org.apache.catalina.core.StandardContext.startInternal(StandardContext.java:5210)
	at org.apache.catalina.util.LifecycleBase.start(LifecycleBase.java:150)
	at org.apache.catalina.core.ContainerBase.addChildInternal(ContainerBase.java:724)
	at org.apache.catalina.core.ContainerBase.addChild(ContainerBase.java:700)
	at org.apache.catalina.core.StandardHost.addChild(StandardHost.java:714)
	at org.apache.catalina.startup.HostConfig.deployDirectory(HostConfig.java:1071)
	at org.apache.catalina.startup.HostConfig$DeployDirectory.run(HostConfig.java:1722)
	at java.util.concurrent.Executors$RunnableAdapter.call(Executors.java:511)
	at java.util.concurrent.FutureTask.run(FutureTask.java:266)
	at java.util.concurrent.ThreadPoolExecutor.runWorker(ThreadPoolExecutor.java:1142)
	at java.util.concurrent.ThreadPoolExecutor$Worker.run(ThreadPoolExecutor.java:617)
	at java.lang.Thread.run(Thread.java:745)
Caused by: java.lang.ClassNotFoundException: org.apache.commons.logging.LogFactory
	at org.apache.catalina.loader.WebappClassLoader.loadClass(WebappClassLoader.java:1324)
	at org.apache.catalina.loader.WebappClassLoader.loadClass(WebappClassLoader.java:1177)
	... 24 more

12-Dec-2015 14:19:45.559 SEVERE [localhost-startStop-1] org.apache.catalina.core.StandardContext.filterStart Exception starting filter CAS Validation Filter
 java.lang.NoClassDefFoundError: org/apache/commons/logging/LogFactory
	at org.jasig.cas.client.util.AbstractConfigurationFilter.<init>(AbstractConfigurationFilter.java:39)
	at org.jasig.cas.client.util.AbstractCasFilter.<init>(AbstractCasFilter.java:44)
	at org.jasig.cas.client.validation.AbstractTicketValidationFilter.<init>(AbstractTicketValidationFilter.java:51)
	at org.jasig.cas.client.validation.Cas20ProxyReceivingTicketValidationFilter.<init>(Cas20ProxyReceivingTicketValidationFilter.java:50)
	at sun.reflect.NativeConstructorAccessorImpl.newInstance0(Native Method)
	at sun.reflect.NativeConstructorAccessorImpl.newInstance(NativeConstructorAccessorImpl.java:62)
	at sun.reflect.DelegatingConstructorAccessorImpl.newInstance(DelegatingConstructorAccessorImpl.java:45)
	at java.lang.reflect.Constructor.newInstance(Constructor.java:408)
	at java.lang.Class.newInstance(Class.java:433)
	at org.apache.catalina.core.DefaultInstanceManager.newInstance(DefaultInstanceManager.java:151)
	at org.apache.catalina.core.ApplicationFilterConfig.getFilter(ApplicationFilterConfig.java:258)
	at org.apache.catalina.core.ApplicationFilterConfig.<init>(ApplicationFilterConfig.java:105)
	at org.apache.catalina.core.StandardContext.filterStart(StandardContext.java:4603)
	at org.apache.catalina.core.StandardContext.startInternal(StandardContext.java:5210)
	at org.apache.catalina.util.LifecycleBase.start(LifecycleBase.java:150)
	at org.apache.catalina.core.ContainerBase.addChildInternal(ContainerBase.java:724)
	at org.apache.catalina.core.ContainerBase.addChild(ContainerBase.java:700)
	at org.apache.catalina.core.StandardHost.addChild(StandardHost.java:714)
	at org.apache.catalina.startup.HostConfig.deployDirectory(HostConfig.java:1071)
	at org.apache.catalina.startup.HostConfig$DeployDirectory.run(HostConfig.java:1722)
	at java.util.concurrent.Executors$RunnableAdapter.call(Executors.java:511)
	at java.util.concurrent.FutureTask.run(FutureTask.java:266)
	at java.util.concurrent.ThreadPoolExecutor.runWorker(ThreadPoolExecutor.java:1142)
	at java.util.concurrent.ThreadPoolExecutor$Worker.run(ThreadPoolExecutor.java:617)
	at java.lang.Thread.run(Thread.java:745)

12-Dec-2015 14:19:45.562 SEVERE [localhost-startStop-1] org.apache.catalina.core.StandardContext.filterStart Exception starting filter CAS HttpServletRequest Wrapper Filter
 java.lang.NoClassDefFoundError: org/apache/commons/logging/LogFactory
	at org.jasig.cas.client.util.AbstractConfigurationFilter.<init>(AbstractConfigurationFilter.java:39)
	at org.jasig.cas.client.util.HttpServletRequestWrapperFilter.<init>(HttpServletRequestWrapperFilter.java:55)
	at sun.reflect.NativeConstructorAccessorImpl.newInstance0(Native Method)
	at sun.reflect.NativeConstructorAccessorImpl.newInstance(NativeConstructorAccessorImpl.java:62)
	at sun.reflect.DelegatingConstructorAccessorImpl.newInstance(DelegatingConstructorAccessorImpl.java:45)
	at java.lang.reflect.Constructor.newInstance(Constructor.java:408)
	at java.lang.Class.newInstance(Class.java:433)
	at org.apache.catalina.core.DefaultInstanceManager.newInstance(DefaultInstanceManager.java:151)
	at org.apache.catalina.core.ApplicationFilterConfig.getFilter(ApplicationFilterConfig.java:258)
	at org.apache.catalina.core.ApplicationFilterConfig.<init>(ApplicationFilterConfig.java:105)
	at org.apache.catalina.core.StandardContext.filterStart(StandardContext.java:4603)
	at org.apache.catalina.core.StandardContext.startInternal(StandardContext.java:5210)
	at org.apache.catalina.util.LifecycleBase.start(LifecycleBase.java:150)
	at org.apache.catalina.core.ContainerBase.addChildInternal(ContainerBase.java:724)
	at org.apache.catalina.core.ContainerBase.addChild(ContainerBase.java:700)
	at org.apache.catalina.core.StandardHost.addChild(StandardHost.java:714)
	at org.apache.catalina.startup.HostConfig.deployDirectory(HostConfig.java:1071)
	at org.apache.catalina.startup.HostConfig$DeployDirectory.run(HostConfig.java:1722)
	at java.util.concurrent.Executors$RunnableAdapter.call(Executors.java:511)
	at java.util.concurrent.FutureTask.run(FutureTask.java:266)
	at java.util.concurrent.ThreadPoolExecutor.runWorker(ThreadPoolExecutor.java:1142)
	at java.util.concurrent.ThreadPoolExecutor$Worker.run(ThreadPoolExecutor.java:617)
	at java.lang.Thread.run(Thread.java:745)

12-Dec-2015 14:19:45.570 INFO [localhost-startStop-1] org.apache.catalina.core.ApplicationContext.log SessionListener: contextDestroyed()
12-Dec-2015 14:19:45.570 INFO [localhost-startStop-1] org.apache.catalina.core.ApplicationContext.log ContextListener: contextDestroyed()
12-Dec-2015 14:21:39.102 INFO [localhost-startStop-1] org.apache.catalina.core.ApplicationContext.log ContextListener: contextInitialized()
12-Dec-2015 14:21:39.102 INFO [localhost-startStop-1] org.apache.catalina.core.ApplicationContext.log SessionListener: contextInitialized()
12-Dec-2015 14:21:39.102 SEVERE [localhost-startStop-1] org.apache.catalina.core.StandardContext.filterStart Exception starting filter CAS Single Sign Out Filter
 java.lang.NoClassDefFoundError: org/apache/commons/logging/LogFactory
	at org.jasig.cas.client.session.SingleSignOutHandler.<init>(SingleSignOutHandler.java:41)
	at org.jasig.cas.client.session.SingleSignOutFilter.<clinit>(SingleSignOutFilter.java:41)
	at sun.reflect.NativeConstructorAccessorImpl.newInstance0(Native Method)
	at sun.reflect.NativeConstructorAccessorImpl.newInstance(NativeConstructorAccessorImpl.java:62)
	at sun.reflect.DelegatingConstructorAccessorImpl.newInstance(DelegatingConstructorAccessorImpl.java:45)
	at java.lang.reflect.Constructor.newInstance(Constructor.java:408)
	at java.lang.Class.newInstance(Class.java:433)
	at org.apache.catalina.core.DefaultInstanceManager.newInstance(DefaultInstanceManager.java:151)
	at org.apache.catalina.core.ApplicationFilterConfig.getFilter(ApplicationFilterConfig.java:258)
	at org.apache.catalina.core.ApplicationFilterConfig.<init>(ApplicationFilterConfig.java:105)
	at org.apache.catalina.core.StandardContext.filterStart(StandardContext.java:4603)
	at org.apache.catalina.core.StandardContext.startInternal(StandardContext.java:5210)
	at org.apache.catalina.util.LifecycleBase.start(LifecycleBase.java:150)
	at org.apache.catalina.core.ContainerBase.addChildInternal(ContainerBase.java:724)
	at org.apache.catalina.core.ContainerBase.addChild(ContainerBase.java:700)
	at org.apache.catalina.core.StandardHost.addChild(StandardHost.java:714)
	at org.apache.catalina.startup.HostConfig.deployDirectory(HostConfig.java:1071)
	at org.apache.catalina.startup.HostConfig$DeployDirectory.run(HostConfig.java:1722)
	at java.util.concurrent.Executors$RunnableAdapter.call(Executors.java:511)
	at java.util.concurrent.FutureTask.run(FutureTask.java:266)
	at java.util.concurrent.ThreadPoolExecutor.runWorker(ThreadPoolExecutor.java:1142)
	at java.util.concurrent.ThreadPoolExecutor$Worker.run(ThreadPoolExecutor.java:617)
	at java.lang.Thread.run(Thread.java:745)
Caused by: java.lang.ClassNotFoundException: org.apache.commons.logging.LogFactory
	at org.apache.catalina.loader.WebappClassLoader.loadClass(WebappClassLoader.java:1324)
	at org.apache.catalina.loader.WebappClassLoader.loadClass(WebappClassLoader.java:1177)
	... 23 more

12-Dec-2015 14:21:39.117 SEVERE [localhost-startStop-1] org.apache.catalina.core.StandardContext.filterStart Exception starting filter CAS Filter
 java.lang.NoClassDefFoundError: org/apache/commons/logging/LogFactory
	at org.jasig.cas.client.util.AbstractConfigurationFilter.<init>(AbstractConfigurationFilter.java:39)
	at org.jasig.cas.client.util.AbstractCasFilter.<init>(AbstractCasFilter.java:44)
	at org.jasig.cas.client.authentication.AuthenticationFilter.<init>(AuthenticationFilter.java:53)
	at sun.reflect.NativeConstructorAccessorImpl.newInstance0(Native Method)
	at sun.reflect.NativeConstructorAccessorImpl.newInstance(NativeConstructorAccessorImpl.java:62)
	at sun.reflect.DelegatingConstructorAccessorImpl.newInstance(DelegatingConstructorAccessorImpl.java:45)
	at java.lang.reflect.Constructor.newInstance(Constructor.java:408)
	at java.lang.Class.newInstance(Class.java:433)
	at org.apache.catalina.core.DefaultInstanceManager.newInstance(DefaultInstanceManager.java:151)
	at org.apache.catalina.core.ApplicationFilterConfig.getFilter(ApplicationFilterConfig.java:258)
	at org.apache.catalina.core.ApplicationFilterConfig.<init>(ApplicationFilterConfig.java:105)
	at org.apache.catalina.core.StandardContext.filterStart(StandardContext.java:4603)
	at org.apache.catalina.core.StandardContext.startInternal(StandardContext.java:5210)
	at org.apache.catalina.util.LifecycleBase.start(LifecycleBase.java:150)
	at org.apache.catalina.core.ContainerBase.addChildInternal(ContainerBase.java:724)
	at org.apache.catalina.core.ContainerBase.addChild(ContainerBase.java:700)
	at org.apache.catalina.core.StandardHost.addChild(StandardHost.java:714)
	at org.apache.catalina.startup.HostConfig.deployDirectory(HostConfig.java:1071)
	at org.apache.catalina.startup.HostConfig$DeployDirectory.run(HostConfig.java:1722)
	at java.util.concurrent.Executors$RunnableAdapter.call(Executors.java:511)
	at java.util.concurrent.FutureTask.run(FutureTask.java:266)
	at java.util.concurrent.ThreadPoolExecutor.runWorker(ThreadPoolExecutor.java:1142)
	at java.util.concurrent.ThreadPoolExecutor$Worker.run(ThreadPoolExecutor.java:617)
	at java.lang.Thread.run(Thread.java:745)
Caused by: java.lang.ClassNotFoundException: org.apache.commons.logging.LogFactory
	at org.apache.catalina.loader.WebappClassLoader.loadClass(WebappClassLoader.java:1324)
	at org.apache.catalina.loader.WebappClassLoader.loadClass(WebappClassLoader.java:1177)
	... 24 more

12-Dec-2015 14:21:39.133 SEVERE [localhost-startStop-1] org.apache.catalina.core.StandardContext.filterStart Exception starting filter CAS Validation Filter
 java.lang.NoClassDefFoundError: org/apache/commons/logging/LogFactory
	at org.jasig.cas.client.util.AbstractConfigurationFilter.<init>(AbstractConfigurationFilter.java:39)
	at org.jasig.cas.client.util.AbstractCasFilter.<init>(AbstractCasFilter.java:44)
	at org.jasig.cas.client.validation.AbstractTicketValidationFilter.<init>(AbstractTicketValidationFilter.java:51)
	at org.jasig.cas.client.validation.Cas20ProxyReceivingTicketValidationFilter.<init>(Cas20ProxyReceivingTicketValidationFilter.java:50)
	at sun.reflect.NativeConstructorAccessorImpl.newInstance0(Native Method)
	at sun.reflect.NativeConstructorAccessorImpl.newInstance(NativeConstructorAccessorImpl.java:62)
	at sun.reflect.DelegatingConstructorAccessorImpl.newInstance(DelegatingConstructorAccessorImpl.java:45)
	at java.lang.reflect.Constructor.newInstance(Constructor.java:408)
	at java.lang.Class.newInstance(Class.java:433)
	at org.apache.catalina.core.DefaultInstanceManager.newInstance(DefaultInstanceManager.java:151)
	at org.apache.catalina.core.ApplicationFilterConfig.getFilter(ApplicationFilterConfig.java:258)
	at org.apache.catalina.core.ApplicationFilterConfig.<init>(ApplicationFilterConfig.java:105)
	at org.apache.catalina.core.StandardContext.filterStart(StandardContext.java:4603)
	at org.apache.catalina.core.StandardContext.startInternal(StandardContext.java:5210)
	at org.apache.catalina.util.LifecycleBase.start(LifecycleBase.java:150)
	at org.apache.catalina.core.ContainerBase.addChildInternal(ContainerBase.java:724)
	at org.apache.catalina.core.ContainerBase.addChild(ContainerBase.java:700)
	at org.apache.catalina.core.StandardHost.addChild(StandardHost.java:714)
	at org.apache.catalina.startup.HostConfig.deployDirectory(HostConfig.java:1071)
	at org.apache.catalina.startup.HostConfig$DeployDirectory.run(HostConfig.java:1722)
	at java.util.concurrent.Executors$RunnableAdapter.call(Executors.java:511)
	at java.util.concurrent.FutureTask.run(FutureTask.java:266)
	at java.util.concurrent.ThreadPoolExecutor.runWorker(ThreadPoolExecutor.java:1142)
	at java.util.concurrent.ThreadPoolExecutor$Worker.run(ThreadPoolExecutor.java:617)
	at java.lang.Thread.run(Thread.java:745)

12-Dec-2015 14:21:39.133 SEVERE [localhost-startStop-1] org.apache.catalina.core.StandardContext.filterStart Exception starting filter CAS HttpServletRequest Wrapper Filter
 java.lang.NoClassDefFoundError: org/apache/commons/logging/LogFactory
	at org.jasig.cas.client.util.AbstractConfigurationFilter.<init>(AbstractConfigurationFilter.java:39)
	at org.jasig.cas.client.util.HttpServletRequestWrapperFilter.<init>(HttpServletRequestWrapperFilter.java:55)
	at sun.reflect.NativeConstructorAccessorImpl.newInstance0(Native Method)
	at sun.reflect.NativeConstructorAccessorImpl.newInstance(NativeConstructorAccessorImpl.java:62)
	at sun.reflect.DelegatingConstructorAccessorImpl.newInstance(DelegatingConstructorAccessorImpl.java:45)
	at java.lang.reflect.Constructor.newInstance(Constructor.java:408)
	at java.lang.Class.newInstance(Class.java:433)
	at org.apache.catalina.core.DefaultInstanceManager.newInstance(DefaultInstanceManager.java:151)
	at org.apache.catalina.core.ApplicationFilterConfig.getFilter(ApplicationFilterConfig.java:258)
	at org.apache.catalina.core.ApplicationFilterConfig.<init>(ApplicationFilterConfig.java:105)
	at org.apache.catalina.core.StandardContext.filterStart(StandardContext.java:4603)
	at org.apache.catalina.core.StandardContext.startInternal(StandardContext.java:5210)
	at org.apache.catalina.util.LifecycleBase.start(LifecycleBase.java:150)
	at org.apache.catalina.core.ContainerBase.addChildInternal(ContainerBase.java:724)
	at org.apache.catalina.core.ContainerBase.addChild(ContainerBase.java:700)
	at org.apache.catalina.core.StandardHost.addChild(StandardHost.java:714)
	at org.apache.catalina.startup.HostConfig.deployDirectory(HostConfig.java:1071)
	at org.apache.catalina.startup.HostConfig$DeployDirectory.run(HostConfig.java:1722)
	at java.util.concurrent.Executors$RunnableAdapter.call(Executors.java:511)
	at java.util.concurrent.FutureTask.run(FutureTask.java:266)
	at java.util.concurrent.ThreadPoolExecutor.runWorker(ThreadPoolExecutor.java:1142)
	at java.util.concurrent.ThreadPoolExecutor$Worker.run(ThreadPoolExecutor.java:617)
	at java.lang.Thread.run(Thread.java:745)

12-Dec-2015 14:21:39.149 INFO [localhost-startStop-1] org.apache.catalina.core.ApplicationContext.log SessionListener: contextDestroyed()
12-Dec-2015 14:21:39.149 INFO [localhost-startStop-1] org.apache.catalina.core.ApplicationContext.log ContextListener: contextDestroyed()
12-Dec-2015 14:22:31.845 INFO [localhost-startStop-1] org.apache.catalina.core.ApplicationContext.log ContextListener: contextInitialized()
12-Dec-2015 14:22:31.845 INFO [localhost-startStop-1] org.apache.catalina.core.ApplicationContext.log SessionListener: contextInitialized()
12-Dec-2015 14:22:31.845 SEVERE [localhost-startStop-1] org.apache.catalina.core.StandardContext.filterStart Exception starting filter CAS Single Sign Out Filter
 java.lang.NoClassDefFoundError: org/apache/commons/logging/LogFactory
	at org.jasig.cas.client.session.SingleSignOutHandler.<init>(SingleSignOutHandler.java:41)
	at org.jasig.cas.client.session.SingleSignOutFilter.<clinit>(SingleSignOutFilter.java:41)
	at sun.reflect.NativeConstructorAccessorImpl.newInstance0(Native Method)
	at sun.reflect.NativeConstructorAccessorImpl.newInstance(NativeConstructorAccessorImpl.java:62)
	at sun.reflect.DelegatingConstructorAccessorImpl.newInstance(DelegatingConstructorAccessorImpl.java:45)
	at java.lang.reflect.Constructor.newInstance(Constructor.java:408)
	at java.lang.Class.newInstance(Class.java:433)
	at org.apache.catalina.core.DefaultInstanceManager.newInstance(DefaultInstanceManager.java:151)
	at org.apache.catalina.core.ApplicationFilterConfig.getFilter(ApplicationFilterConfig.java:258)
	at org.apache.catalina.core.ApplicationFilterConfig.<init>(ApplicationFilterConfig.java:105)
	at org.apache.catalina.core.StandardContext.filterStart(StandardContext.java:4603)
	at org.apache.catalina.core.StandardContext.startInternal(StandardContext.java:5210)
	at org.apache.catalina.util.LifecycleBase.start(LifecycleBase.java:150)
	at org.apache.catalina.core.ContainerBase.addChildInternal(ContainerBase.java:724)
	at org.apache.catalina.core.ContainerBase.addChild(ContainerBase.java:700)
	at org.apache.catalina.core.StandardHost.addChild(StandardHost.java:714)
	at org.apache.catalina.startup.HostConfig.deployDirectory(HostConfig.java:1071)
	at org.apache.catalina.startup.HostConfig$DeployDirectory.run(HostConfig.java:1722)
	at java.util.concurrent.Executors$RunnableAdapter.call(Executors.java:511)
	at java.util.concurrent.FutureTask.run(FutureTask.java:266)
	at java.util.concurrent.ThreadPoolExecutor.runWorker(ThreadPoolExecutor.java:1142)
	at java.util.concurrent.ThreadPoolExecutor$Worker.run(ThreadPoolExecutor.java:617)
	at java.lang.Thread.run(Thread.java:745)
Caused by: java.lang.ClassNotFoundException: org.apache.commons.logging.LogFactory
	at org.apache.catalina.loader.WebappClassLoader.loadClass(WebappClassLoader.java:1324)
	at org.apache.catalina.loader.WebappClassLoader.loadClass(WebappClassLoader.java:1177)
	... 23 more

12-Dec-2015 14:22:31.867 SEVERE [localhost-startStop-1] org.apache.catalina.core.StandardContext.filterStart Exception starting filter CAS Filter
 java.lang.NoClassDefFoundError: org/apache/commons/logging/LogFactory
	at org.jasig.cas.client.util.AbstractConfigurationFilter.<init>(AbstractConfigurationFilter.java:39)
	at org.jasig.cas.client.util.AbstractCasFilter.<init>(AbstractCasFilter.java:44)
	at org.jasig.cas.client.authentication.AuthenticationFilter.<init>(AuthenticationFilter.java:53)
	at sun.reflect.NativeConstructorAccessorImpl.newInstance0(Native Method)
	at sun.reflect.NativeConstructorAccessorImpl.newInstance(NativeConstructorAccessorImpl.java:62)
	at sun.reflect.DelegatingConstructorAccessorImpl.newInstance(DelegatingConstructorAccessorImpl.java:45)
	at java.lang.reflect.Constructor.newInstance(Constructor.java:408)
	at java.lang.Class.newInstance(Class.java:433)
	at org.apache.catalina.core.DefaultInstanceManager.newInstance(DefaultInstanceManager.java:151)
	at org.apache.catalina.core.ApplicationFilterConfig.getFilter(ApplicationFilterConfig.java:258)
	at org.apache.catalina.core.ApplicationFilterConfig.<init>(ApplicationFilterConfig.java:105)
	at org.apache.catalina.core.StandardContext.filterStart(StandardContext.java:4603)
	at org.apache.catalina.core.StandardContext.startInternal(StandardContext.java:5210)
	at org.apache.catalina.util.LifecycleBase.start(LifecycleBase.java:150)
	at org.apache.catalina.core.ContainerBase.addChildInternal(ContainerBase.java:724)
	at org.apache.catalina.core.ContainerBase.addChild(ContainerBase.java:700)
	at org.apache.catalina.core.StandardHost.addChild(StandardHost.java:714)
	at org.apache.catalina.startup.HostConfig.deployDirectory(HostConfig.java:1071)
	at org.apache.catalina.startup.HostConfig$DeployDirectory.run(HostConfig.java:1722)
	at java.util.concurrent.Executors$RunnableAdapter.call(Executors.java:511)
	at java.util.concurrent.FutureTask.run(FutureTask.java:266)
	at java.util.concurrent.ThreadPoolExecutor.runWorker(ThreadPoolExecutor.java:1142)
	at java.util.concurrent.ThreadPoolExecutor$Worker.run(ThreadPoolExecutor.java:617)
	at java.lang.Thread.run(Thread.java:745)
Caused by: java.lang.ClassNotFoundException: org.apache.commons.logging.LogFactory
	at org.apache.catalina.loader.WebappClassLoader.loadClass(WebappClassLoader.java:1324)
	at org.apache.catalina.loader.WebappClassLoader.loadClass(WebappClassLoader.java:1177)
	... 24 more

12-Dec-2015 14:22:31.867 SEVERE [localhost-startStop-1] org.apache.catalina.core.StandardContext.filterStart Exception starting filter CAS Validation Filter
 java.lang.NoClassDefFoundError: org/apache/commons/logging/LogFactory
	at org.jasig.cas.client.util.AbstractConfigurationFilter.<init>(AbstractConfigurationFilter.java:39)
	at org.jasig.cas.client.util.AbstractCasFilter.<init>(AbstractCasFilter.java:44)
	at org.jasig.cas.client.validation.AbstractTicketValidationFilter.<init>(AbstractTicketValidationFilter.java:51)
	at org.jasig.cas.client.validation.Cas20ProxyReceivingTicketValidationFilter.<init>(Cas20ProxyReceivingTicketValidationFilter.java:50)
	at sun.reflect.NativeConstructorAccessorImpl.newInstance0(Native Method)
	at sun.reflect.NativeConstructorAccessorImpl.newInstance(NativeConstructorAccessorImpl.java:62)
	at sun.reflect.DelegatingConstructorAccessorImpl.newInstance(DelegatingConstructorAccessorImpl.java:45)
	at java.lang.reflect.Constructor.newInstance(Constructor.java:408)
	at java.lang.Class.newInstance(Class.java:433)
	at org.apache.catalina.core.DefaultInstanceManager.newInstance(DefaultInstanceManager.java:151)
	at org.apache.catalina.core.ApplicationFilterConfig.getFilter(ApplicationFilterConfig.java:258)
	at org.apache.catalina.core.ApplicationFilterConfig.<init>(ApplicationFilterConfig.java:105)
	at org.apache.catalina.core.StandardContext.filterStart(StandardContext.java:4603)
	at org.apache.catalina.core.StandardContext.startInternal(StandardContext.java:5210)
	at org.apache.catalina.util.LifecycleBase.start(LifecycleBase.java:150)
	at org.apache.catalina.core.ContainerBase.addChildInternal(ContainerBase.java:724)
	at org.apache.catalina.core.ContainerBase.addChild(ContainerBase.java:700)
	at org.apache.catalina.core.StandardHost.addChild(StandardHost.java:714)
	at org.apache.catalina.startup.HostConfig.deployDirectory(HostConfig.java:1071)
	at org.apache.catalina.startup.HostConfig$DeployDirectory.run(HostConfig.java:1722)
	at java.util.concurrent.Executors$RunnableAdapter.call(Executors.java:511)
	at java.util.concurrent.FutureTask.run(FutureTask.java:266)
	at java.util.concurrent.ThreadPoolExecutor.runWorker(ThreadPoolExecutor.java:1142)
	at java.util.concurrent.ThreadPoolExecutor$Worker.run(ThreadPoolExecutor.java:617)
	at java.lang.Thread.run(Thread.java:745)

12-Dec-2015 14:22:31.867 SEVERE [localhost-startStop-1] org.apache.catalina.core.StandardContext.filterStart Exception starting filter CAS HttpServletRequest Wrapper Filter
 java.lang.NoClassDefFoundError: org/apache/commons/logging/LogFactory
	at org.jasig.cas.client.util.AbstractConfigurationFilter.<init>(AbstractConfigurationFilter.java:39)
	at org.jasig.cas.client.util.HttpServletRequestWrapperFilter.<init>(HttpServletRequestWrapperFilter.java:55)
	at sun.reflect.NativeConstructorAccessorImpl.newInstance0(Native Method)
	at sun.reflect.NativeConstructorAccessorImpl.newInstance(NativeConstructorAccessorImpl.java:62)
	at sun.reflect.DelegatingConstructorAccessorImpl.newInstance(DelegatingConstructorAccessorImpl.java:45)
	at java.lang.reflect.Constructor.newInstance(Constructor.java:408)
	at java.lang.Class.newInstance(Class.java:433)
	at org.apache.catalina.core.DefaultInstanceManager.newInstance(DefaultInstanceManager.java:151)
	at org.apache.catalina.core.ApplicationFilterConfig.getFilter(ApplicationFilterConfig.java:258)
	at org.apache.catalina.core.ApplicationFilterConfig.<init>(ApplicationFilterConfig.java:105)
	at org.apache.catalina.core.StandardContext.filterStart(StandardContext.java:4603)
	at org.apache.catalina.core.StandardContext.startInternal(StandardContext.java:5210)
	at org.apache.catalina.util.LifecycleBase.start(LifecycleBase.java:150)
	at org.apache.catalina.core.ContainerBase.addChildInternal(ContainerBase.java:724)
	at org.apache.catalina.core.ContainerBase.addChild(ContainerBase.java:700)
	at org.apache.catalina.core.StandardHost.addChild(StandardHost.java:714)
	at org.apache.catalina.startup.HostConfig.deployDirectory(HostConfig.java:1071)
	at org.apache.catalina.startup.HostConfig$DeployDirectory.run(HostConfig.java:1722)
	at java.util.concurrent.Executors$RunnableAdapter.call(Executors.java:511)
	at java.util.concurrent.FutureTask.run(FutureTask.java:266)
	at java.util.concurrent.ThreadPoolExecutor.runWorker(ThreadPoolExecutor.java:1142)
	at java.util.concurrent.ThreadPoolExecutor$Worker.run(ThreadPoolExecutor.java:617)
	at java.lang.Thread.run(Thread.java:745)

12-Dec-2015 14:22:31.883 INFO [localhost-startStop-1] org.apache.catalina.core.ApplicationContext.log SessionListener: contextDestroyed()
12-Dec-2015 14:22:31.883 INFO [localhost-startStop-1] org.apache.catalina.core.ApplicationContext.log ContextListener: contextDestroyed()
12-Dec-2015 14:28:50.410 INFO [localhost-startStop-1] org.apache.catalina.core.ApplicationContext.log ContextListener: contextInitialized()
12-Dec-2015 14:28:50.410 INFO [localhost-startStop-1] org.apache.catalina.core.ApplicationContext.log SessionListener: contextInitialized()
12-Dec-2015 14:28:50.426 SEVERE [localhost-startStop-1] org.apache.catalina.core.StandardContext.filterStart Exception starting filter CAS Single Sign Out Filter
 java.lang.NoClassDefFoundError: org/apache/commons/logging/LogFactory
	at org.jasig.cas.client.session.SingleSignOutHandler.<init>(SingleSignOutHandler.java:41)
	at org.jasig.cas.client.session.SingleSignOutFilter.<clinit>(SingleSignOutFilter.java:41)
	at sun.reflect.NativeConstructorAccessorImpl.newInstance0(Native Method)
	at sun.reflect.NativeConstructorAccessorImpl.newInstance(NativeConstructorAccessorImpl.java:62)
	at sun.reflect.DelegatingConstructorAccessorImpl.newInstance(DelegatingConstructorAccessorImpl.java:45)
	at java.lang.reflect.Constructor.newInstance(Constructor.java:408)
	at java.lang.Class.newInstance(Class.java:433)
	at org.apache.catalina.core.DefaultInstanceManager.newInstance(DefaultInstanceManager.java:151)
	at org.apache.catalina.core.ApplicationFilterConfig.getFilter(ApplicationFilterConfig.java:258)
	at org.apache.catalina.core.ApplicationFilterConfig.<init>(ApplicationFilterConfig.java:105)
	at org.apache.catalina.core.StandardContext.filterStart(StandardContext.java:4603)
	at org.apache.catalina.core.StandardContext.startInternal(StandardContext.java:5210)
	at org.apache.catalina.util.LifecycleBase.start(LifecycleBase.java:150)
	at org.apache.catalina.core.ContainerBase.addChildInternal(ContainerBase.java:724)
	at org.apache.catalina.core.ContainerBase.addChild(ContainerBase.java:700)
	at org.apache.catalina.core.StandardHost.addChild(StandardHost.java:714)
	at org.apache.catalina.startup.HostConfig.deployDirectory(HostConfig.java:1071)
	at org.apache.catalina.startup.HostConfig$DeployDirectory.run(HostConfig.java:1722)
	at java.util.concurrent.Executors$RunnableAdapter.call(Executors.java:511)
	at java.util.concurrent.FutureTask.run(FutureTask.java:266)
	at java.util.concurrent.ThreadPoolExecutor.runWorker(ThreadPoolExecutor.java:1142)
	at java.util.concurrent.ThreadPoolExecutor$Worker.run(ThreadPoolExecutor.java:617)
	at java.lang.Thread.run(Thread.java:745)
Caused by: java.lang.ClassNotFoundException: org.apache.commons.logging.LogFactory
	at org.apache.catalina.loader.WebappClassLoader.loadClass(WebappClassLoader.java:1324)
	at org.apache.catalina.loader.WebappClassLoader.loadClass(WebappClassLoader.java:1177)
	... 23 more

12-Dec-2015 14:28:50.443 SEVERE [localhost-startStop-1] org.apache.catalina.core.StandardContext.filterStart Exception starting filter CAS Filter
 java.lang.NoClassDefFoundError: org/apache/commons/logging/LogFactory
	at org.jasig.cas.client.util.AbstractConfigurationFilter.<init>(AbstractConfigurationFilter.java:39)
	at org.jasig.cas.client.util.AbstractCasFilter.<init>(AbstractCasFilter.java:44)
	at org.jasig.cas.client.authentication.AuthenticationFilter.<init>(AuthenticationFilter.java:53)
	at sun.reflect.NativeConstructorAccessorImpl.newInstance0(Native Method)
	at sun.reflect.NativeConstructorAccessorImpl.newInstance(NativeConstructorAccessorImpl.java:62)
	at sun.reflect.DelegatingConstructorAccessorImpl.newInstance(DelegatingConstructorAccessorImpl.java:45)
	at java.lang.reflect.Constructor.newInstance(Constructor.java:408)
	at java.lang.Class.newInstance(Class.java:433)
	at org.apache.catalina.core.DefaultInstanceManager.newInstance(DefaultInstanceManager.java:151)
	at org.apache.catalina.core.ApplicationFilterConfig.getFilter(ApplicationFilterConfig.java:258)
	at org.apache.catalina.core.ApplicationFilterConfig.<init>(ApplicationFilterConfig.java:105)
	at org.apache.catalina.core.StandardContext.filterStart(StandardContext.java:4603)
	at org.apache.catalina.core.StandardContext.startInternal(StandardContext.java:5210)
	at org.apache.catalina.util.LifecycleBase.start(LifecycleBase.java:150)
	at org.apache.catalina.core.ContainerBase.addChildInternal(ContainerBase.java:724)
	at org.apache.catalina.core.ContainerBase.addChild(ContainerBase.java:700)
	at org.apache.catalina.core.StandardHost.addChild(StandardHost.java:714)
	at org.apache.catalina.startup.HostConfig.deployDirectory(HostConfig.java:1071)
	at org.apache.catalina.startup.HostConfig$DeployDirectory.run(HostConfig.java:1722)
	at java.util.concurrent.Executors$RunnableAdapter.call(Executors.java:511)
	at java.util.concurrent.FutureTask.run(FutureTask.java:266)
	at java.util.concurrent.ThreadPoolExecutor.runWorker(ThreadPoolExecutor.java:1142)
	at java.util.concurrent.ThreadPoolExecutor$Worker.run(ThreadPoolExecutor.java:617)
	at java.lang.Thread.run(Thread.java:745)
Caused by: java.lang.ClassNotFoundException: org.apache.commons.logging.LogFactory
	at org.apache.catalina.loader.WebappClassLoader.loadClass(WebappClassLoader.java:1324)
	at org.apache.catalina.loader.WebappClassLoader.loadClass(WebappClassLoader.java:1177)
	... 24 more

12-Dec-2015 14:28:50.452 SEVERE [localhost-startStop-1] org.apache.catalina.core.StandardContext.filterStart Exception starting filter CAS Validation Filter
 java.lang.NoClassDefFoundError: org/apache/commons/logging/LogFactory
	at org.jasig.cas.client.util.AbstractConfigurationFilter.<init>(AbstractConfigurationFilter.java:39)
	at org.jasig.cas.client.util.AbstractCasFilter.<init>(AbstractCasFilter.java:44)
	at org.jasig.cas.client.validation.AbstractTicketValidationFilter.<init>(AbstractTicketValidationFilter.java:51)
	at org.jasig.cas.client.validation.Cas20ProxyReceivingTicketValidationFilter.<init>(Cas20ProxyReceivingTicketValidationFilter.java:50)
	at sun.reflect.NativeConstructorAccessorImpl.newInstance0(Native Method)
	at sun.reflect.NativeConstructorAccessorImpl.newInstance(NativeConstructorAccessorImpl.java:62)
	at sun.reflect.DelegatingConstructorAccessorImpl.newInstance(DelegatingConstructorAccessorImpl.java:45)
	at java.lang.reflect.Constructor.newInstance(Constructor.java:408)
	at java.lang.Class.newInstance(Class.java:433)
	at org.apache.catalina.core.DefaultInstanceManager.newInstance(DefaultInstanceManager.java:151)
	at org.apache.catalina.core.ApplicationFilterConfig.getFilter(ApplicationFilterConfig.java:258)
	at org.apache.catalina.core.ApplicationFilterConfig.<init>(ApplicationFilterConfig.java:105)
	at org.apache.catalina.core.StandardContext.filterStart(StandardContext.java:4603)
	at org.apache.catalina.core.StandardContext.startInternal(StandardContext.java:5210)
	at org.apache.catalina.util.LifecycleBase.start(LifecycleBase.java:150)
	at org.apache.catalina.core.ContainerBase.addChildInternal(ContainerBase.java:724)
	at org.apache.catalina.core.ContainerBase.addChild(ContainerBase.java:700)
	at org.apache.catalina.core.StandardHost.addChild(StandardHost.java:714)
	at org.apache.catalina.startup.HostConfig.deployDirectory(HostConfig.java:1071)
	at org.apache.catalina.startup.HostConfig$DeployDirectory.run(HostConfig.java:1722)
	at java.util.concurrent.Executors$RunnableAdapter.call(Executors.java:511)
	at java.util.concurrent.FutureTask.run(FutureTask.java:266)
	at java.util.concurrent.ThreadPoolExecutor.runWorker(ThreadPoolExecutor.java:1142)
	at java.util.concurrent.ThreadPoolExecutor$Worker.run(ThreadPoolExecutor.java:617)
	at java.lang.Thread.run(Thread.java:745)

12-Dec-2015 14:28:50.455 SEVERE [localhost-startStop-1] org.apache.catalina.core.StandardContext.filterStart Exception starting filter CAS HttpServletRequest Wrapper Filter
 java.lang.NoClassDefFoundError: org/apache/commons/logging/LogFactory
	at org.jasig.cas.client.util.AbstractConfigurationFilter.<init>(AbstractConfigurationFilter.java:39)
	at org.jasig.cas.client.util.HttpServletRequestWrapperFilter.<init>(HttpServletRequestWrapperFilter.java:55)
	at sun.reflect.NativeConstructorAccessorImpl.newInstance0(Native Method)
	at sun.reflect.NativeConstructorAccessorImpl.newInstance(NativeConstructorAccessorImpl.java:62)
	at sun.reflect.DelegatingConstructorAccessorImpl.newInstance(DelegatingConstructorAccessorImpl.java:45)
	at java.lang.reflect.Constructor.newInstance(Constructor.java:408)
	at java.lang.Class.newInstance(Class.java:433)
	at org.apache.catalina.core.DefaultInstanceManager.newInstance(DefaultInstanceManager.java:151)
	at org.apache.catalina.core.ApplicationFilterConfig.getFilter(ApplicationFilterConfig.java:258)
	at org.apache.catalina.core.ApplicationFilterConfig.<init>(ApplicationFilterConfig.java:105)
	at org.apache.catalina.core.StandardContext.filterStart(StandardContext.java:4603)
	at org.apache.catalina.core.StandardContext.startInternal(StandardContext.java:5210)
	at org.apache.catalina.util.LifecycleBase.start(LifecycleBase.java:150)
	at org.apache.catalina.core.ContainerBase.addChildInternal(ContainerBase.java:724)
	at org.apache.catalina.core.ContainerBase.addChild(ContainerBase.java:700)
	at org.apache.catalina.core.StandardHost.addChild(StandardHost.java:714)
	at org.apache.catalina.startup.HostConfig.deployDirectory(HostConfig.java:1071)
	at org.apache.catalina.startup.HostConfig$DeployDirectory.run(HostConfig.java:1722)
	at java.util.concurrent.Executors$RunnableAdapter.call(Executors.java:511)
	at java.util.concurrent.FutureTask.run(FutureTask.java:266)
	at java.util.concurrent.ThreadPoolExecutor.runWorker(ThreadPoolExecutor.java:1142)
	at java.util.concurrent.ThreadPoolExecutor$Worker.run(ThreadPoolExecutor.java:617)
	at java.lang.Thread.run(Thread.java:745)

12-Dec-2015 14:28:50.460 INFO [localhost-startStop-1] org.apache.catalina.core.ApplicationContext.log SessionListener: contextDestroyed()
12-Dec-2015 14:28:50.460 INFO [localhost-startStop-1] org.apache.catalina.core.ApplicationContext.log ContextListener: contextDestroyed()
12-Dec-2015 15:14:03.929 INFO [localhost-startStop-1] org.apache.catalina.core.ApplicationContext.log ContextListener: contextInitialized()
12-Dec-2015 15:14:03.930 INFO [localhost-startStop-1] org.apache.catalina.core.ApplicationContext.log SessionListener: contextInitialized()
12-Dec-2015 15:14:03.937 SEVERE [localhost-startStop-1] org.apache.catalina.core.StandardContext.filterStart Exception starting filter CAS Single Sign Out Filter
 java.lang.NoClassDefFoundError: org/apache/commons/logging/LogFactory
	at org.jasig.cas.client.session.SingleSignOutHandler.<init>(SingleSignOutHandler.java:41)
	at org.jasig.cas.client.session.SingleSignOutFilter.<clinit>(SingleSignOutFilter.java:41)
	at sun.reflect.NativeConstructorAccessorImpl.newInstance0(Native Method)
	at sun.reflect.NativeConstructorAccessorImpl.newInstance(NativeConstructorAccessorImpl.java:62)
	at sun.reflect.DelegatingConstructorAccessorImpl.newInstance(DelegatingConstructorAccessorImpl.java:45)
	at java.lang.reflect.Constructor.newInstance(Constructor.java:408)
	at java.lang.Class.newInstance(Class.java:433)
	at org.apache.catalina.core.DefaultInstanceManager.newInstance(DefaultInstanceManager.java:151)
	at org.apache.catalina.core.ApplicationFilterConfig.getFilter(ApplicationFilterConfig.java:258)
	at org.apache.catalina.core.ApplicationFilterConfig.<init>(ApplicationFilterConfig.java:105)
	at org.apache.catalina.core.StandardContext.filterStart(StandardContext.java:4603)
	at org.apache.catalina.core.StandardContext.startInternal(StandardContext.java:5210)
	at org.apache.catalina.util.LifecycleBase.start(LifecycleBase.java:150)
	at org.apache.catalina.core.ContainerBase.addChildInternal(ContainerBase.java:724)
	at org.apache.catalina.core.ContainerBase.addChild(ContainerBase.java:700)
	at org.apache.catalina.core.StandardHost.addChild(StandardHost.java:714)
	at org.apache.catalina.startup.HostConfig.deployDirectory(HostConfig.java:1071)
	at org.apache.catalina.startup.HostConfig$DeployDirectory.run(HostConfig.java:1722)
	at java.util.concurrent.Executors$RunnableAdapter.call(Executors.java:511)
	at java.util.concurrent.FutureTask.run(FutureTask.java:266)
	at java.util.concurrent.ThreadPoolExecutor.runWorker(ThreadPoolExecutor.java:1142)
	at java.util.concurrent.ThreadPoolExecutor$Worker.run(ThreadPoolExecutor.java:617)
	at java.lang.Thread.run(Thread.java:745)
Caused by: java.lang.ClassNotFoundException: org.apache.commons.logging.LogFactory
	at org.apache.catalina.loader.WebappClassLoader.loadClass(WebappClassLoader.java:1324)
	at org.apache.catalina.loader.WebappClassLoader.loadClass(WebappClassLoader.java:1177)
	... 23 more

12-Dec-2015 15:14:03.952 SEVERE [localhost-startStop-1] org.apache.catalina.core.StandardContext.filterStart Exception starting filter CAS Filter
 java.lang.NoClassDefFoundError: org/apache/commons/logging/LogFactory
	at org.jasig.cas.client.util.AbstractConfigurationFilter.<init>(AbstractConfigurationFilter.java:39)
	at org.jasig.cas.client.util.AbstractCasFilter.<init>(AbstractCasFilter.java:44)
	at org.jasig.cas.client.authentication.AuthenticationFilter.<init>(AuthenticationFilter.java:53)
	at sun.reflect.NativeConstructorAccessorImpl.newInstance0(Native Method)
	at sun.reflect.NativeConstructorAccessorImpl.newInstance(NativeConstructorAccessorImpl.java:62)
	at sun.reflect.DelegatingConstructorAccessorImpl.newInstance(DelegatingConstructorAccessorImpl.java:45)
	at java.lang.reflect.Constructor.newInstance(Constructor.java:408)
	at java.lang.Class.newInstance(Class.java:433)
	at org.apache.catalina.core.DefaultInstanceManager.newInstance(DefaultInstanceManager.java:151)
	at org.apache.catalina.core.ApplicationFilterConfig.getFilter(ApplicationFilterConfig.java:258)
	at org.apache.catalina.core.ApplicationFilterConfig.<init>(ApplicationFilterConfig.java:105)
	at org.apache.catalina.core.StandardContext.filterStart(StandardContext.java:4603)
	at org.apache.catalina.core.StandardContext.startInternal(StandardContext.java:5210)
	at org.apache.catalina.util.LifecycleBase.start(LifecycleBase.java:150)
	at org.apache.catalina.core.ContainerBase.addChildInternal(ContainerBase.java:724)
	at org.apache.catalina.core.ContainerBase.addChild(ContainerBase.java:700)
	at org.apache.catalina.core.StandardHost.addChild(StandardHost.java:714)
	at org.apache.catalina.startup.HostConfig.deployDirectory(HostConfig.java:1071)
	at org.apache.catalina.startup.HostConfig$DeployDirectory.run(HostConfig.java:1722)
	at java.util.concurrent.Executors$RunnableAdapter.call(Executors.java:511)
	at java.util.concurrent.FutureTask.run(FutureTask.java:266)
	at java.util.concurrent.ThreadPoolExecutor.runWorker(ThreadPoolExecutor.java:1142)
	at java.util.concurrent.ThreadPoolExecutor$Worker.run(ThreadPoolExecutor.java:617)
	at java.lang.Thread.run(Thread.java:745)
Caused by: java.lang.ClassNotFoundException: org.apache.commons.logging.LogFactory
	at org.apache.catalina.loader.WebappClassLoader.loadClass(WebappClassLoader.java:1324)
	at org.apache.catalina.loader.WebappClassLoader.loadClass(WebappClassLoader.java:1177)
	... 24 more

12-Dec-2015 15:14:03.962 SEVERE [localhost-startStop-1] org.apache.catalina.core.StandardContext.filterStart Exception starting filter CAS Validation Filter
 java.lang.NoClassDefFoundError: org/apache/commons/logging/LogFactory
	at org.jasig.cas.client.util.AbstractConfigurationFilter.<init>(AbstractConfigurationFilter.java:39)
	at org.jasig.cas.client.util.AbstractCasFilter.<init>(AbstractCasFilter.java:44)
	at org.jasig.cas.client.validation.AbstractTicketValidationFilter.<init>(AbstractTicketValidationFilter.java:51)
	at org.jasig.cas.client.validation.Cas20ProxyReceivingTicketValidationFilter.<init>(Cas20ProxyReceivingTicketValidationFilter.java:50)
	at sun.reflect.NativeConstructorAccessorImpl.newInstance0(Native Method)
	at sun.reflect.NativeConstructorAccessorImpl.newInstance(NativeConstructorAccessorImpl.java:62)
	at sun.reflect.DelegatingConstructorAccessorImpl.newInstance(DelegatingConstructorAccessorImpl.java:45)
	at java.lang.reflect.Constructor.newInstance(Constructor.java:408)
	at java.lang.Class.newInstance(Class.java:433)
	at org.apache.catalina.core.DefaultInstanceManager.newInstance(DefaultInstanceManager.java:151)
	at org.apache.catalina.core.ApplicationFilterConfig.getFilter(ApplicationFilterConfig.java:258)
	at org.apache.catalina.core.ApplicationFilterConfig.<init>(ApplicationFilterConfig.java:105)
	at org.apache.catalina.core.StandardContext.filterStart(StandardContext.java:4603)
	at org.apache.catalina.core.StandardContext.startInternal(StandardContext.java:5210)
	at org.apache.catalina.util.LifecycleBase.start(LifecycleBase.java:150)
	at org.apache.catalina.core.ContainerBase.addChildInternal(ContainerBase.java:724)
	at org.apache.catalina.core.ContainerBase.addChild(ContainerBase.java:700)
	at org.apache.catalina.core.StandardHost.addChild(StandardHost.java:714)
	at org.apache.catalina.startup.HostConfig.deployDirectory(HostConfig.java:1071)
	at org.apache.catalina.startup.HostConfig$DeployDirectory.run(HostConfig.java:1722)
	at java.util.concurrent.Executors$RunnableAdapter.call(Executors.java:511)
	at java.util.concurrent.FutureTask.run(FutureTask.java:266)
	at java.util.concurrent.ThreadPoolExecutor.runWorker(ThreadPoolExecutor.java:1142)
	at java.util.concurrent.ThreadPoolExecutor$Worker.run(ThreadPoolExecutor.java:617)
	at java.lang.Thread.run(Thread.java:745)

12-Dec-2015 15:14:03.965 SEVERE [localhost-startStop-1] org.apache.catalina.core.StandardContext.filterStart Exception starting filter CAS HttpServletRequest Wrapper Filter
 java.lang.NoClassDefFoundError: org/apache/commons/logging/LogFactory
	at org.jasig.cas.client.util.AbstractConfigurationFilter.<init>(AbstractConfigurationFilter.java:39)
	at org.jasig.cas.client.util.HttpServletRequestWrapperFilter.<init>(HttpServletRequestWrapperFilter.java:55)
	at sun.reflect.NativeConstructorAccessorImpl.newInstance0(Native Method)
	at sun.reflect.NativeConstructorAccessorImpl.newInstance(NativeConstructorAccessorImpl.java:62)
	at sun.reflect.DelegatingConstructorAccessorImpl.newInstance(DelegatingConstructorAccessorImpl.java:45)
	at java.lang.reflect.Constructor.newInstance(Constructor.java:408)
	at java.lang.Class.newInstance(Class.java:433)
	at org.apache.catalina.core.DefaultInstanceManager.newInstance(DefaultInstanceManager.java:151)
	at org.apache.catalina.core.ApplicationFilterConfig.getFilter(ApplicationFilterConfig.java:258)
	at org.apache.catalina.core.ApplicationFilterConfig.<init>(ApplicationFilterConfig.java:105)
	at org.apache.catalina.core.StandardContext.filterStart(StandardContext.java:4603)
	at org.apache.catalina.core.StandardContext.startInternal(StandardContext.java:5210)
	at org.apache.catalina.util.LifecycleBase.start(LifecycleBase.java:150)
	at org.apache.catalina.core.ContainerBase.addChildInternal(ContainerBase.java:724)
	at org.apache.catalina.core.ContainerBase.addChild(ContainerBase.java:700)
	at org.apache.catalina.core.StandardHost.addChild(StandardHost.java:714)
	at org.apache.catalina.startup.HostConfig.deployDirectory(HostConfig.java:1071)
	at org.apache.catalina.startup.HostConfig$DeployDirectory.run(HostConfig.java:1722)
	at java.util.concurrent.Executors$RunnableAdapter.call(Executors.java:511)
	at java.util.concurrent.FutureTask.run(FutureTask.java:266)
	at java.util.concurrent.ThreadPoolExecutor.runWorker(ThreadPoolExecutor.java:1142)
	at java.util.concurrent.ThreadPoolExecutor$Worker.run(ThreadPoolExecutor.java:617)
	at java.lang.Thread.run(Thread.java:745)

12-Dec-2015 15:14:03.971 INFO [localhost-startStop-1] org.apache.catalina.core.ApplicationContext.log SessionListener: contextDestroyed()
12-Dec-2015 15:14:03.971 INFO [localhost-startStop-1] org.apache.catalina.core.ApplicationContext.log ContextListener: contextDestroyed()
12-Dec-2015 15:15:57.519 INFO [localhost-startStop-1] org.apache.catalina.core.ApplicationContext.log ContextListener: contextInitialized()
12-Dec-2015 15:15:57.519 INFO [localhost-startStop-1] org.apache.catalina.core.ApplicationContext.log SessionListener: contextInitialized()
12-Dec-2015 15:56:37.476 INFO [localhost-startStop-1] org.apache.catalina.core.ApplicationContext.log ContextListener: contextInitialized()
12-Dec-2015 15:56:37.476 INFO [localhost-startStop-1] org.apache.catalina.core.ApplicationContext.log SessionListener: contextInitialized()
12-Dec-2015 15:58:58.449 INFO [localhost-startStop-1] org.apache.catalina.core.ApplicationContext.log ContextListener: contextInitialized()
12-Dec-2015 15:58:58.449 INFO [localhost-startStop-1] org.apache.catalina.core.ApplicationContext.log SessionListener: contextInitialized()
12-Dec-2015 16:17:32.538 INFO [localhost-startStop-1] org.apache.catalina.core.ApplicationContext.log ContextListener: contextInitialized()
12-Dec-2015 16:17:32.538 INFO [localhost-startStop-1] org.apache.catalina.core.ApplicationContext.log SessionListener: contextInitialized()
12-Dec-2015 16:17:41.594 INFO [http-apr-28080-exec-3] org.apache.catalina.core.ApplicationContext.log SessionListener: sessionCreated('06101FC478179D5E070B3AFF82D84B45')
12-Dec-2015 16:17:41.875 INFO [http-apr-28080-exec-3] org.apache.catalina.core.ApplicationContext.log SessionListener: attributeAdded('06101FC478179D5E070B3AFF82D84B45', '_const_cas_assertion_', 'org.jasig.cas.client.validation.AssertionImpl@52a1e1b0')
12-Dec-2015 16:18:17.577 INFO [http-apr-28080-exec-1] org.apache.catalina.core.ApplicationContext.log SessionListener: sessionDestroyed('06101FC478179D5E070B3AFF82D84B45')
12-Dec-2015 16:18:17.583 INFO [http-apr-28080-exec-1] org.apache.catalina.core.ApplicationContext.log SessionListener: attributeRemoved('06101FC478179D5E070B3AFF82D84B45', '_const_cas_assertion_', 'org.jasig.cas.client.validation.AssertionImpl@52a1e1b0')
12-Dec-2015 16:29:47.233 INFO [localhost-startStop-1] org.apache.catalina.core.ApplicationContext.log ContextListener: contextInitialized()
12-Dec-2015 16:29:47.233 INFO [localhost-startStop-1] org.apache.catalina.core.ApplicationContext.log SessionListener: contextInitialized()
12-Dec-2015 16:31:53.853 INFO [http-apr-28080-exec-7] org.apache.catalina.core.ApplicationContext.log SessionListener: sessionCreated('1D879C7C32B0B0B917EE3BB330295E51')
12-Dec-2015 16:31:54.224 INFO [http-apr-28080-exec-7] org.apache.catalina.core.ApplicationContext.log SessionListener: attributeAdded('1D879C7C32B0B0B917EE3BB330295E51', '_const_cas_assertion_', 'org.jasig.cas.client.validation.AssertionImpl@4298b5ca')
12-Dec-2015 16:32:17.503 INFO [http-apr-28080-exec-5] org.apache.catalina.core.ApplicationContext.log SessionListener: sessionDestroyed('1D879C7C32B0B0B917EE3BB330295E51')
12-Dec-2015 16:32:17.503 INFO [http-apr-28080-exec-5] org.apache.catalina.core.ApplicationContext.log SessionListener: attributeRemoved('1D879C7C32B0B0B917EE3BB330295E51', '_const_cas_assertion_', 'org.jasig.cas.client.validation.AssertionImpl@4298b5ca')
12-Dec-2015 16:32:45.109 INFO [http-apr-28080-exec-8] org.apache.catalina.core.ApplicationContext.log SessionListener: sessionCreated('F1F72BC17C68A15264181C233787E51D')
12-Dec-2015 16:32:45.129 INFO [http-apr-28080-exec-8] org.apache.catalina.core.ApplicationContext.log SessionListener: attributeAdded('F1F72BC17C68A15264181C233787E51D', '_const_cas_assertion_', 'org.jasig.cas.client.validation.AssertionImpl@572f7c3')
12-Dec-2015 16:32:51.165 INFO [http-apr-28080-exec-2] org.apache.catalina.core.ApplicationContext.log SessionListener: sessionDestroyed('F1F72BC17C68A15264181C233787E51D')
12-Dec-2015 16:32:51.166 INFO [http-apr-28080-exec-2] org.apache.catalina.core.ApplicationContext.log SessionListener: attributeRemoved('F1F72BC17C68A15264181C233787E51D', '_const_cas_assertion_', 'org.jasig.cas.client.validation.AssertionImpl@572f7c3')
12-Dec-2015 16:35:17.603 INFO [ContainerBackgroundProcessor[StandardEngine[Catalina]]] org.apache.catalina.core.ApplicationContext.log SessionListener: contextDestroyed()
12-Dec-2015 16:35:17.603 INFO [ContainerBackgroundProcessor[StandardEngine[Catalina]]] org.apache.catalina.core.ApplicationContext.log ContextListener: contextDestroyed()
12-Dec-2015 16:35:18.344 INFO [ContainerBackgroundProcessor[StandardEngine[Catalina]]] org.apache.catalina.core.ApplicationContext.log ContextListener: contextInitialized()
12-Dec-2015 16:35:18.344 INFO [ContainerBackgroundProcessor[StandardEngine[Catalina]]] org.apache.catalina.core.ApplicationContext.log SessionListener: contextInitialized()
12-Dec-2015 16:36:02.116 INFO [localhost-startStop-1] org.apache.catalina.core.ApplicationContext.log ContextListener: contextInitialized()
12-Dec-2015 16:36:02.116 INFO [localhost-startStop-1] org.apache.catalina.core.ApplicationContext.log SessionListener: contextInitialized()
12-Dec-2015 16:43:01.762 INFO [http-apr-28080-exec-7] org.apache.catalina.core.ApplicationContext.log SessionListener: sessionCreated('9E6B928862A3F62B234F3D19890348E1')
12-Dec-2015 16:43:02.057 INFO [http-apr-28080-exec-7] org.apache.catalina.core.ApplicationContext.log SessionListener: attributeAdded('9E6B928862A3F62B234F3D19890348E1', '_const_cas_assertion_', 'org.jasig.cas.client.validation.AssertionImpl@80bb9f0')
12-Dec-2015 16:43:06.785 INFO [http-apr-28080-exec-5] org.apache.catalina.core.ApplicationContext.log SessionListener: sessionDestroyed('9E6B928862A3F62B234F3D19890348E1')
12-Dec-2015 16:43:06.786 INFO [http-apr-28080-exec-5] org.apache.catalina.core.ApplicationContext.log SessionListener: attributeRemoved('9E6B928862A3F62B234F3D19890348E1', '_const_cas_assertion_', 'org.jasig.cas.client.validation.AssertionImpl@80bb9f0')
12-Dec-2015 16:46:17.283 INFO [http-apr-28080-exec-8] org.apache.catalina.core.ApplicationContext.log SessionListener: sessionCreated('5147CF4B4693360C28BFA0FB61E98A9E')
12-Dec-2015 16:46:17.302 INFO [http-apr-28080-exec-8] org.apache.catalina.core.ApplicationContext.log SessionListener: attributeAdded('5147CF4B4693360C28BFA0FB61E98A9E', '_const_cas_assertion_', 'org.jasig.cas.client.validation.AssertionImpl@6f36e7f3')
12-Dec-2015 16:46:20.208 INFO [http-apr-28080-exec-2] org.apache.catalina.core.ApplicationContext.log SessionListener: sessionDestroyed('5147CF4B4693360C28BFA0FB61E98A9E')
12-Dec-2015 16:46:20.208 INFO [http-apr-28080-exec-2] org.apache.catalina.core.ApplicationContext.log SessionListener: attributeRemoved('5147CF4B4693360C28BFA0FB61E98A9E', '_const_cas_assertion_', 'org.jasig.cas.client.validation.AssertionImpl@6f36e7f3')
12-Dec-2015 16:50:03.918 INFO [http-apr-28080-exec-5] org.apache.catalina.core.ApplicationContext.log SessionListener: sessionCreated('2353CB5AAD60007D6059DC965BD7510E')
12-Dec-2015 16:50:03.954 INFO [http-apr-28080-exec-5] org.apache.catalina.core.ApplicationContext.log SessionListener: attributeAdded('2353CB5AAD60007D6059DC965BD7510E', '_const_cas_assertion_', 'org.jasig.cas.client.validation.AssertionImpl@64c89675')
12-Dec-2015 16:50:17.307 INFO [http-apr-28080-exec-8] org.apache.catalina.core.ApplicationContext.log SessionListener: sessionDestroyed('2353CB5AAD60007D6059DC965BD7510E')
12-Dec-2015 16:50:17.307 INFO [http-apr-28080-exec-8] org.apache.catalina.core.ApplicationContext.log SessionListener: attributeRemoved('2353CB5AAD60007D6059DC965BD7510E', '_const_cas_assertion_', 'org.jasig.cas.client.validation.AssertionImpl@64c89675')
